<?xml version="1.0" encoding="UTF-8"?>
<!-- Generated by org.testng.reporters.JUnitXMLReporter -->
<testsuite ignored="0" hostname="DESKTOP-CM105CV" failures="1" tests="1" name="Test" time="76.847" errors="0" timestamp="2024-11-29T14:48:18 IST">
  <testcase classname="testCases.T003_LoginDDT" name="verify_loginDDT" time="11.974">
    <failure type="org.testng.internal.reflect.MethodMatcherException" message="
[public void testCases.T003_LoginDDT.verify_loginDDT(java.lang.String,java.lang.String,java.lang.String) throws java.lang.InterruptedException] has no parameters defined but was found to be using a data provider (either explicitly specified or inherited from class level annotation).
Data provider mismatch
Method: verify_loginDDT([java.lang.String arg0, java.lang.String arg1, java.lang.String arg2])
Arguments: [null]">
      <![CDATA[org.testng.internal.reflect.MethodMatcherException: 
[public void testCases.T003_LoginDDT.verify_loginDDT(java.lang.String,java.lang.String,java.lang.String) throws java.lang.InterruptedException] has no parameters defined but was found to be using a data provider (either explicitly specified or inherited from class level annotation).
Data provider mismatch
Method: verify_loginDDT([java.lang.String arg0, java.lang.String arg1, java.lang.String arg2])
Arguments: [null]
at java.base/java.util.ArrayList.forEach(ArrayList.java:1597)
... Removed 22 stack frames]]>
    </failure>
  </testcase> <!-- verify_loginDDT -->
</testsuite> <!-- Test -->
